<?xml version="1.0" encoding="UTF-8"?>
<testng-results ignored="0" total="5" passed="4" failed="1" skipped="0">
  <reporter-output>
  </reporter-output>
  <suite started-at="2025-08-04T23:41:01 IST" name="Suite" finished-at="2025-08-04T23:42:01 IST" duration-ms="60185">
    <groups>
    </groups>
    <test started-at="2025-08-04T23:41:01 IST" name="Test" finished-at="2025-08-04T23:42:01 IST" duration-ms="60185">
      <class name="giftcards.TC_DWS_061_Test">
        <test-method is-config="true" signature="openBrowser()[pri:0, instance:giftcards.TC_DWS_061_Test@179ece50]" started-at="2025-08-04T23:41:28 IST" name="openBrowser" finished-at="2025-08-04T23:41:34 IST" duration-ms="5797" status="PASS">
          <reporter-output>
          </reporter-output>
        </test-method> <!-- openBrowser -->
        <test-method is-config="true" signature="login()[pri:0, instance:giftcards.TC_DWS_061_Test@179ece50]" started-at="2025-08-04T23:41:34 IST" name="login" finished-at="2025-08-04T23:41:37 IST" duration-ms="3089" status="PASS">
          <reporter-output>
          </reporter-output>
        </test-method> <!-- login -->
        <test-method signature="clickOnGiftCards()[pri:0, instance:giftcards.TC_DWS_061_Test@179ece50]" started-at="2025-08-04T23:41:37 IST" name="clickOnGiftCards" finished-at="2025-08-04T23:41:37 IST" duration-ms="36" status="FAIL">
          <exception class="java.lang.AssertionError">
            <message>
              <![CDATA[Giftcards page is not displayed expected [Demo Web Shop. Gift Cards] but found [Demo Web Shop]]]>
            </message>
            <full-stacktrace>
              <![CDATA[java.lang.AssertionError: Giftcards page is not displayed expected [Demo Web Shop. Gift Cards] but found [Demo Web Shop]
at org.testng.Assert.fail(Assert.java:111)
at org.testng.Assert.failNotEquals(Assert.java:1578)
at org.testng.Assert.assertEqualsImpl(Assert.java:150)
at org.testng.Assert.assertEquals(Assert.java:132)
at org.testng.Assert.assertEquals(Assert.java:656)
at giftcards.TC_DWS_061_Test.clickOnGiftCards(TC_DWS_061_Test.java:18)
at java.base/jdk.internal.reflect.DirectMethodHandleAccessor.invoke(DirectMethodHandleAccessor.java:103)
at java.base/java.lang.reflect.Method.invoke(Method.java:580)
at org.testng.internal.invokers.MethodInvocationHelper.invokeMethod(MethodInvocationHelper.java:141)
at org.testng.internal.invokers.TestInvoker.invokeMethod(TestInvoker.java:686)
at org.testng.internal.invokers.TestInvoker.invokeTestMethod(TestInvoker.java:230)
at org.testng.internal.invokers.MethodRunner.runInSequence(MethodRunner.java:63)
at org.testng.internal.invokers.TestInvoker$MethodInvocationAgent.invoke(TestInvoker.java:992)
at org.testng.internal.invokers.TestInvoker.invokeTestMethods(TestInvoker.java:203)
at org.testng.internal.invokers.TestMethodWorker.invokeTestMethods(TestMethodWorker.java:154)
at org.testng.internal.invokers.TestMethodWorker.run(TestMethodWorker.java:134)
at java.base/java.util.ArrayList.forEach(ArrayList.java:1596)
at org.testng.TestRunner.privateRun(TestRunner.java:739)
at org.testng.TestRunner.run(TestRunner.java:614)
at org.testng.SuiteRunner.runTest(SuiteRunner.java:421)
at org.testng.SuiteRunner.runSequentially(SuiteRunner.java:413)
at org.testng.SuiteRunner.privateRun(SuiteRunner.java:373)
at org.testng.SuiteRunner.run(SuiteRunner.java:312)
at org.testng.SuiteRunnerWorker.runSuite(SuiteRunnerWorker.java:52)
at org.testng.SuiteRunnerWorker.run(SuiteRunnerWorker.java:95)
at org.testng.TestNG.runSuitesSequentially(TestNG.java:1274)
at org.testng.TestNG.runSuitesLocally(TestNG.java:1208)
at org.testng.TestNG.runSuites(TestNG.java:1112)
at org.testng.TestNG.run(TestNG.java:1079)
at org.testng.remote.AbstractRemoteTestNG.run(AbstractRemoteTestNG.java:115)
at org.testng.remote.RemoteTestNG.initAndRun(RemoteTestNG.java:293)
at org.testng.remote.RemoteTestNG.main(RemoteTestNG.java:91)
]]>
            </full-stacktrace>
          </exception> <!-- java.lang.AssertionError -->
          <reporter-output>
          </reporter-output>
        </test-method> <!-- clickOnGiftCards -->
        <test-method is-config="true" signature="logout()[pri:0, instance:giftcards.TC_DWS_061_Test@179ece50]" started-at="2025-08-04T23:41:38 IST" name="logout" finished-at="2025-08-04T23:41:39 IST" duration-ms="1348" status="PASS">
          <reporter-output>
          </reporter-output>
        </test-method> <!-- logout -->
        <test-method is-config="true" signature="closeBrowser()[pri:0, instance:giftcards.TC_DWS_061_Test@179ece50]" started-at="2025-08-04T23:41:39 IST" name="closeBrowser" finished-at="2025-08-04T23:41:40 IST" duration-ms="345" status="PASS">
          <reporter-output>
          </reporter-output>
        </test-method> <!-- closeBrowser -->
      </class> <!-- giftcards.TC_DWS_061_Test -->
      <class name="giftcards.TC_DWS_062_Test">
        <test-method is-config="true" signature="reportConfiguration()[pri:0, instance:giftcards.TC_DWS_062_Test@233795b6]" started-at="2025-08-04T23:41:01 IST" name="reportConfiguration" finished-at="2025-08-04T23:41:01 IST" duration-ms="308" status="PASS">
          <reporter-output>
          </reporter-output>
        </test-method> <!-- reportConfiguration -->
        <test-method is-config="true" signature="openBrowser()[pri:0, instance:giftcards.TC_DWS_062_Test@233795b6]" started-at="2025-08-04T23:41:01 IST" name="openBrowser" finished-at="2025-08-04T23:41:08 IST" duration-ms="6869" status="PASS">
          <reporter-output>
          </reporter-output>
        </test-method> <!-- openBrowser -->
        <test-method is-config="true" signature="login()[pri:0, instance:giftcards.TC_DWS_062_Test@233795b6]" started-at="2025-08-04T23:41:08 IST" name="login" finished-at="2025-08-04T23:41:11 IST" duration-ms="2977" status="PASS">
          <reporter-output>
          </reporter-output>
        </test-method> <!-- login -->
        <test-method signature="clickOnSortBy()[pri:0, instance:giftcards.TC_DWS_062_Test@233795b6]" started-at="2025-08-04T23:41:11 IST" name="clickOnSortBy" finished-at="2025-08-04T23:41:15 IST" duration-ms="4168" status="PASS">
          <reporter-output>
          </reporter-output>
        </test-method> <!-- clickOnSortBy -->
        <test-method is-config="true" signature="logout()[pri:0, instance:giftcards.TC_DWS_062_Test@233795b6]" started-at="2025-08-04T23:41:15 IST" name="logout" finished-at="2025-08-04T23:41:16 IST" duration-ms="1388" status="PASS">
          <reporter-output>
          </reporter-output>
        </test-method> <!-- logout -->
        <test-method is-config="true" signature="closeBrowser()[pri:0, instance:giftcards.TC_DWS_062_Test@233795b6]" started-at="2025-08-04T23:41:16 IST" name="closeBrowser" finished-at="2025-08-04T23:41:17 IST" duration-ms="441" status="PASS">
          <reporter-output>
          </reporter-output>
        </test-method> <!-- closeBrowser -->
        <test-method is-config="true" signature="reportBackup()[pri:0, instance:giftcards.TC_DWS_062_Test@233795b6]" started-at="2025-08-04T23:42:01 IST" name="reportBackup" finished-at="2025-08-04T23:42:02 IST" duration-ms="1170" status="PASS">
          <reporter-output>
          </reporter-output>
        </test-method> <!-- reportBackup -->
      </class> <!-- giftcards.TC_DWS_062_Test -->
      <class name="electronics.TC_DWS_041_Test">
        <test-method is-config="true" signature="openBrowser()[pri:0, instance:electronics.TC_DWS_041_Test@9d5509a]" started-at="2025-08-04T23:41:17 IST" name="openBrowser" finished-at="2025-08-04T23:41:23 IST" duration-ms="5977" status="PASS">
          <reporter-output>
          </reporter-output>
        </test-method> <!-- openBrowser -->
        <test-method is-config="true" signature="login()[pri:0, instance:electronics.TC_DWS_041_Test@9d5509a]" started-at="2025-08-04T23:41:23 IST" name="login" finished-at="2025-08-04T23:41:25 IST" duration-ms="2480" status="PASS">
          <reporter-output>
          </reporter-output>
        </test-method> <!-- login -->
        <test-method signature="clickOnElectronics()[pri:0, instance:electronics.TC_DWS_041_Test@9d5509a]" started-at="2025-08-04T23:41:25 IST" name="clickOnElectronics" finished-at="2025-08-04T23:41:27 IST" duration-ms="1250" status="PASS">
          <reporter-output>
          </reporter-output>
        </test-method> <!-- clickOnElectronics -->
        <test-method is-config="true" signature="logout()[pri:0, instance:electronics.TC_DWS_041_Test@9d5509a]" started-at="2025-08-04T23:41:27 IST" name="logout" finished-at="2025-08-04T23:41:28 IST" duration-ms="1518" status="PASS">
          <reporter-output>
          </reporter-output>
        </test-method> <!-- logout -->
        <test-method is-config="true" signature="closeBrowser()[pri:0, instance:electronics.TC_DWS_041_Test@9d5509a]" started-at="2025-08-04T23:41:28 IST" name="closeBrowser" finished-at="2025-08-04T23:41:28 IST" duration-ms="382" status="PASS">
          <reporter-output>
          </reporter-output>
        </test-method> <!-- closeBrowser -->
      </class> <!-- electronics.TC_DWS_041_Test -->
      <class name="computers.TC_DWS_021_Test">
        <test-method is-config="true" signature="openBrowser()[pri:0, instance:computers.TC_DWS_021_Test@3cd3e762]" started-at="2025-08-04T23:41:50 IST" name="openBrowser" finished-at="2025-08-04T23:41:56 IST" duration-ms="5852" status="PASS">
          <reporter-output>
          </reporter-output>
        </test-method> <!-- openBrowser -->
        <test-method is-config="true" signature="login()[pri:0, instance:computers.TC_DWS_021_Test@3cd3e762]" started-at="2025-08-04T23:41:56 IST" name="login" finished-at="2025-08-04T23:41:58 IST" duration-ms="2311" status="PASS">
          <reporter-output>
          </reporter-output>
        </test-method> <!-- login -->
        <test-method signature="clickOnComputers()[pri:0, instance:computers.TC_DWS_021_Test@3cd3e762]" started-at="2025-08-04T23:41:58 IST" name="clickOnComputers" finished-at="2025-08-04T23:42:00 IST" duration-ms="1171" status="PASS">
          <reporter-output>
          </reporter-output>
        </test-method> <!-- clickOnComputers -->
        <test-method is-config="true" signature="logout()[pri:0, instance:computers.TC_DWS_021_Test@3cd3e762]" started-at="2025-08-04T23:42:00 IST" name="logout" finished-at="2025-08-04T23:42:01 IST" duration-ms="1047" status="PASS">
          <reporter-output>
          </reporter-output>
        </test-method> <!-- logout -->
        <test-method is-config="true" signature="closeBrowser()[pri:0, instance:computers.TC_DWS_021_Test@3cd3e762]" started-at="2025-08-04T23:42:01 IST" name="closeBrowser" finished-at="2025-08-04T23:42:01 IST" duration-ms="377" status="PASS">
          <reporter-output>
          </reporter-output>
        </test-method> <!-- closeBrowser -->
      </class> <!-- computers.TC_DWS_021_Test -->
      <class name="books.TC_DWS_001_Test">
        <test-method is-config="true" signature="openBrowser()[pri:0, instance:books.TC_DWS_001_Test@3b0090a4]" started-at="2025-08-04T23:41:40 IST" name="openBrowser" finished-at="2025-08-04T23:41:45 IST" duration-ms="5321" status="PASS">
          <reporter-output>
          </reporter-output>
        </test-method> <!-- openBrowser -->
        <test-method is-config="true" signature="login()[pri:0, instance:books.TC_DWS_001_Test@3b0090a4]" started-at="2025-08-04T23:41:45 IST" name="login" finished-at="2025-08-04T23:41:47 IST" duration-ms="2480" status="PASS">
          <reporter-output>
          </reporter-output>
        </test-method> <!-- login -->
        <test-method signature="clickOnBooks()[pri:0, instance:books.TC_DWS_001_Test@3b0090a4]" started-at="2025-08-04T23:41:47 IST" name="clickOnBooks" finished-at="2025-08-04T23:41:49 IST" duration-ms="1414" status="PASS">
          <reporter-output>
          </reporter-output>
        </test-method> <!-- clickOnBooks -->
        <test-method is-config="true" signature="logout()[pri:0, instance:books.TC_DWS_001_Test@3b0090a4]" started-at="2025-08-04T23:41:49 IST" name="logout" finished-at="2025-08-04T23:41:50 IST" duration-ms="1151" status="PASS">
          <reporter-output>
          </reporter-output>
        </test-method> <!-- logout -->
        <test-method is-config="true" signature="closeBrowser()[pri:0, instance:books.TC_DWS_001_Test@3b0090a4]" started-at="2025-08-04T23:41:50 IST" name="closeBrowser" finished-at="2025-08-04T23:41:50 IST" duration-ms="342" status="PASS">
          <reporter-output>
          </reporter-output>
        </test-method> <!-- closeBrowser -->
      </class> <!-- books.TC_DWS_001_Test -->
    </test> <!-- Test -->
  </suite> <!-- Suite -->
</testng-results>
