<?xml version="1.0" encoding="UTF-8"?>
<!-- Generated by org.testng.reporters.JUnitXMLReporter -->
<testsuite ignored="8" hostname="Shradha" failures="1" tests="5" name="Test" time="60.185" errors="0" timestamp="2025-08-04T23:42:01 IST">
  <testcase classname="giftcards.TC_DWS_062_Test" name="clickOnSortBy" time="4.168"/>
  <testcase classname="electronics.TC_DWS_041_Test" name="clickOnElectronics" time="1.25"/>
  <testcase classname="giftcards.TC_DWS_061_Test" name="clickOnGiftCards" time="0.036">
    <failure type="java.lang.AssertionError" message="Giftcards page is not displayed expected [Demo Web Shop. Gift Cards] but found [Demo Web Shop]">
      <![CDATA[java.lang.AssertionError: Giftcards page is not displayed expected [Demo Web Shop. Gift Cards] but found [Demo Web Shop]
at giftcards.TC_DWS_061_Test.clickOnGiftCards(TC_DWS_061_Test.java:18)
at java.base/java.util.ArrayList.forEach(ArrayList.java:1596)
... Removed 30 stack frames]]>
    </failure>
  </testcase> <!-- clickOnGiftCards -->
  <testcase classname="books.TC_DWS_001_Test" name="clickOnBooks" time="1.414"/>
  <testcase classname="computers.TC_DWS_021_Test" name="clickOnComputers" time="1.171"/>
  <testcase classname="genericutility.BaseClass" name="@AfterSuite reportBackup" time="0.0">
    <ignored/>
  </testcase> <!-- @AfterSuite reportBackup -->
  <testcase classname="genericutility.BaseClass" name="@AfterSuite reportBackup" time="0.0">
    <ignored/>
  </testcase> <!-- @AfterSuite reportBackup -->
  <testcase classname="genericutility.BaseClass" name="@AfterSuite reportBackup" time="0.0">
    <ignored/>
  </testcase> <!-- @AfterSuite reportBackup -->
  <testcase classname="genericutility.BaseClass" name="@BeforeSuite reportConfiguration" time="0.0">
    <ignored/>
  </testcase> <!-- @BeforeSuite reportConfiguration -->
  <testcase classname="genericutility.BaseClass" name="@BeforeSuite reportConfiguration" time="0.0">
    <ignored/>
  </testcase> <!-- @BeforeSuite reportConfiguration -->
  <testcase classname="genericutility.BaseClass" name="@BeforeSuite reportConfiguration" time="0.0">
    <ignored/>
  </testcase> <!-- @BeforeSuite reportConfiguration -->
  <testcase classname="genericutility.BaseClass" name="@AfterSuite reportBackup" time="0.0">
    <ignored/>
  </testcase> <!-- @AfterSuite reportBackup -->
  <testcase classname="genericutility.BaseClass" name="@BeforeSuite reportConfiguration" time="0.0">
    <ignored/>
  </testcase> <!-- @BeforeSuite reportConfiguration -->
</testsuite> <!-- Test -->
